Minute -1: 0 people
Minute -1: 0 people
Minute -1: 0 people
Minute -1: 0 people
Minute 8: 2 people
Minute -1: 0car
Minute 10: 83car
Minute -1: 0car
Minute -1: 0car
Minute -1: 0car
Minute -1: 0car
Minute 15: 0car
Minute -1: 0car
Minute -1: 0car
Minute -1: 0car
Minute -1: 0car
Minute -1: 0car
Minute -1: 0car
Minute 21: 0car
Minute -1: 0car
Minute 26: 0car
Minute -1: 0car
Minute 27: 0car
Minute -1: 0car
Minute -1: 0people
Minute 28: 0people
Minute -1: 0person
Minute -1: 0person
Minute -1: 0person
Minute 30: 1person
Minute -1: 0person
Minute -1: 0person
Minute -1: 0person
Minute -1: 0person
Minute 39: 0person
Minute 40: 0person
Minute -1: 0person
Minute 42: 0person
Minute 43: 1person
Minute -1: 0person
Minute 54: 0person
Minute 55: 0person
Minute -1: 0person
Minute -1: 0person
Minute -1: 0person
Minute 7: 0person
Minute -1: 0person
Minute -1: 0person
Minute 4: 0person
Minute 5: 0person
Minute 6: 0person
Minute 7: 1person
Minute -1: 0person
Minute 9: 0person
Minute -1: 0person
Minute 11: 0person
Minute -1: 0person
Minute -1: 0person
Minute 14: 0person
Minute -1: 0person
Minute 16: 0person
Minute -1: 0person
Minute -1: 0person
Minute 18: 1person
Minute -1: 0person
Minute -1: 0person
Minute 21: 0person
Minute -1: 0person
Minute 22: 3person
Minute -1: 0person
Minute -1: 0person
Minute 8: 0person
Minute 9: 0person
Minute -1: 0person
Minute -1: 0person
Minute 14: 0person
Minute 15: 0person
Minute -1: 0person
Minute 19: 1person
Minute -1: 0person
Minute 24: 0person
Minute -1: 0person
Minute 28: 0person
Minute -1: 0person
Minute -1: 0person
Minute 54: 0person
Minute 55: 2person
Minute 56: 2person
Minute -1: 0person
Minute 3: 0person
Minute -1: 0person
Minute 49: 0person
Minute -1: 0person
Minute 51: 0person
Minute 52: 0person
Minute -1: 0person
Minute 13: 0person
Minute -1: 0person
Minute 18: 0person
Minute -1: 0person
Minute 20: 0person
Minute 21: 00.5
Minute -1: 0person
Minute 24: 0person
Minute 25: 5person
Minute -1: 0person
Minute 39: 2person
Minute 40: 1car
Minute -1: 0person
Minute 14: 0person
Minute 15: 0person
Minute -1: 0person
Minute 18: 0person
Minute 19: 3person
Minute 20: 0person
Minute 21: 1person
Minute 22: 1person
Minute 23: 4person
Minute 24: 0person
Minute 25: 7person
Minute 26: 0person
Minute 27: 6person
Minute 28: 6person
Minute 29: 2person
Minute 30: 0person
Minute 31: 0person
Minute -1: 0person
Minute 38: 2person
Minute -1: 0person
Minute 57: 0person
Minute 58: 0person
Minute -1: 0person
Minute 5: 0person
Minute 6: 3person
Minute 7: 0person
Minute -1: 0person
Minute 9: 0person
Minute 10: 2car
Minute 11: 33person
Minute 12: 18person
Minute 13: 19person
Minute 14: 21person
Minute 15: 29person
Minute 16: 25person
Minute -1: 0person
Minute 45: 0person
Minute -1: 0person
Minute 49: 0person
Minute 50: 8person
Minute 51: 0person
Minute 52: 9person
